TN:
SF:app.js
FNF:0
FNH:0
DA:1,1
DA:2,1
DA:3,1
DA:4,1
DA:5,1
DA:6,1
DA:7,1
DA:8,1
DA:9,1
DA:10,1
DA:11,1
DA:12,1
DA:13,1
DA:14,1
DA:15,0
DA:16,1
DA:17,1
DA:18,1
DA:19,1
DA:20,1
DA:21,1
DA:22,1
DA:23,1
DA:24,1
LF:24
LH:23
BRDA:19,0,0,1
BRF:1
BRH:1
end_of_record
TN:
SF:controllers/persona.controller.js
FN:4,getAllPersonas
FN:13,getPersonaById
FN:25,createPersona
FN:41,updatePersona
FN:53,deletePersona
FNF:5
FNH:5
FNDA:1,getAllPersonas
FNDA:3,getPersonaById
FNDA:2,createPersona
FNDA:1,updatePersona
FNDA:1,deletePersona
DA:1,1
DA:2,1
DA:3,1
DA:4,1
DA:5,1
DA:6,1
DA:7,1
DA:8,1
DA:9,0
DA:10,0
DA:11,1
DA:12,1
DA:13,1
DA:14,3
DA:15,3
DA:16,3
DA:17,2
DA:18,2
DA:19,1
DA:20,3
DA:21,0
DA:22,0
DA:23,3
DA:24,1
DA:25,1
DA:26,2
DA:27,2
DA:28,2
DA:29,1
DA:30,1
DA:31,1
DA:32,1
DA:33,1
DA:34,1
DA:35,1
DA:36,2
DA:37,0
DA:38,0
DA:39,2
DA:40,1
DA:41,1
DA:42,1
DA:43,1
DA:44,1
DA:45,0
DA:46,0
DA:47,1
DA:48,1
DA:49,0
DA:50,0
DA:51,1
DA:52,1
DA:53,1
DA:54,1
DA:55,1
DA:56,1
DA:57,0
DA:58,0
DA:59,1
DA:60,1
DA:61,0
DA:62,0
DA:63,1
DA:64,1
DA:65,1
DA:66,1
DA:67,1
DA:68,1
DA:69,1
DA:70,1
DA:71,1
LF:71
LH:57
BRDA:4,0,0,1
BRDA:8,1,0,0
BRDA:13,2,0,3
BRDA:16,3,0,2
BRDA:18,4,0,1
BRDA:20,5,0,0
BRDA:25,6,0,2
BRDA:28,7,0,1
BRDA:28,8,0,1
BRDA:36,9,0,0
BRDA:41,10,0,1
BRDA:44,11,0,0
BRDA:48,12,0,0
BRDA:53,13,0,1
BRDA:56,14,0,0
BRDA:60,15,0,0
BRF:16
BRH:9
end_of_record
TN:
SF:models/persona.model.js
FN:7,readDB
FN:18,writeDB
FN:23,findAll
FN:27,findById
FN:32,create
FN:39,update
FN:50,remove
FNF:7
FNH:7
FNDA:7,readDB
FNDA:3,writeDB
FNDA:1,findAll
FNDA:3,findById
FNDA:1,create
FNDA:1,update
FNDA:1,remove
DA:1,1
DA:2,1
DA:3,1
DA:4,1
DA:5,1
DA:6,1
DA:7,1
DA:8,7
DA:9,7
DA:10,7
DA:11,7
DA:12,0
DA:13,0
DA:14,0
DA:15,7
DA:16,1
DA:17,1
DA:18,1
DA:19,3
DA:20,3
DA:21,1
DA:22,1
DA:23,1
DA:24,1
DA:25,1
DA:26,1
DA:27,1
DA:28,3
DA:29,3
DA:30,1
DA:31,1
DA:32,1
DA:33,1
DA:34,1
DA:35,1
DA:36,1
DA:37,1
DA:38,1
DA:39,1
DA:40,1
DA:41,1
DA:42,1
DA:43,0
DA:44,0
DA:45,1
DA:46,1
DA:47,1
DA:48,1
DA:49,1
DA:50,1
DA:51,1
DA:52,1
DA:53,1
DA:54,1
DA:55,0
DA:56,0
DA:57,1
DA:58,1
DA:59,1
DA:60,1
DA:61,1
DA:62,1
LF:62
LH:55
BRDA:7,0,0,7
BRDA:11,1,0,0
BRDA:18,2,0,3
BRDA:23,3,0,1
BRDA:27,4,0,3
BRDA:29,5,0,4
BRDA:32,6,0,1
BRDA:39,7,0,1
BRDA:42,8,0,0
BRDA:41,9,0,2
BRDA:50,10,0,1
BRDA:54,11,0,0
BRDA:53,12,0,2
BRF:13
BRH:10
end_of_record
TN:
SF:routes/persona.routes.js
FNF:0
FNH:0
DA:1,1
DA:2,1
DA:3,1
DA:4,1
DA:5,1
DA:6,1
DA:7,1
DA:8,1
DA:9,1
DA:10,1
DA:11,1
DA:12,1
DA:13,1
DA:14,1
DA:15,1
DA:16,1
DA:17,1
DA:18,1
DA:19,1
DA:20,1
LF:20
LH:20
BRF:0
BRH:0
end_of_record
